C51 COMPILER V9.53.0.0   MAIN                                                              08/25/2016 13:06:51 PAGE 1   


C51 COMPILER V9.53.0.0, COMPILATION OF MODULE MAIN
OBJECT MODULE PLACED IN .\Objects\main.obj
COMPILER INVOKED BY: C:\Keil_v5\C51\BIN\C51.EXE USR\main.c OPTIMIZE(8,SPEED) BROWSE INCDIR(.\LIB\INC;.\USRLIB\INC;.\USR;
                    -.\USR\INC) DEBUG OBJECTEXTEND PRINT(.\Listings\main.lst) TABS(2) OBJECT(.\Objects\main.obj)

line level    source

   1          #include <common.h>
   2          
   3          int global_speed;
   4          
   5          void main(){
   6   1        
   7   1        init_8255_AO();
   8   1        //simple_test(-1,0,8,100);
   9   1        //draw_line(1);
  10   1        //all_task_init();
  11   1        //draw_circle();
  12   1        
  13   1        global_speed=5;
  14   1        while(1)
  15   1        {
  16   2          unsigned char key=16;
  17   2          key=keyscan();//µ˜”√º¸≈Ã…®√Ë£¨
  18   2          switch (key)
  19   2          {
  20   3            case 1:
  21   3              //come back to physical zero
  22   3              all_task_init();
  23   3              break;
  24   3            case 2:
  25   3              //draw a line
  26   3              draw_line(0.5);
  27   3              break;
  28   3            case 3:
  29   3              //draw a circle
  30   3              draw_circle();
  31   3              break;
  32   3            
  33   3            
  34   3            case 5:
  35   3              //move with adjustable speed x+
  36   3              while(1){
  37   4                simple_test(1,-1,global_speed,1);
  38   4                if(keyscan()==7)
  39   4                  break;        
  40   4                if(keyscan()==6)
  41   4                  break;
  42   4                if(keyscan()==9)
  43   4                  break;  
  44   4                if(keyscan()==10)
  45   4                  break;  
  46   4                cfg_speed_adjust();
  47   4              }
  48   3              break;
  49   3            case 6:
  50   3              //move with adjustable speed x-
  51   3              while(1){
  52   4                simple_test(0,-1,global_speed,1);
  53   4                if(keyscan()==7)
  54   4                  break;
C51 COMPILER V9.53.0.0   MAIN                                                              08/25/2016 13:06:51 PAGE 2   

  55   4                if(keyscan()==5)
  56   4                  break;
  57   4                if(keyscan()==9)
  58   4                  break;  
  59   4                if(keyscan()==10)
  60   4                  break;  
  61   4                cfg_speed_adjust();
  62   4              }
  63   3              break;
  64   3            case 9:
  65   3              //move with adjustable speed y+
  66   3              while(1){
  67   4                simple_test(-1,1,global_speed,1);
  68   4                if(keyscan()==7)
  69   4                  break;
  70   4                if(keyscan()==6)
  71   4                  break;
  72   4                if(keyscan()==5)
  73   4                  break;  
  74   4                if(keyscan()==10)
  75   4                  break;  
  76   4                cfg_speed_adjust();
  77   4              }
  78   3              break;
  79   3            case 10:
  80   3              //move with adjustable speed y-
  81   3              while(1){
  82   4                simple_test(-1,0,global_speed,1);
  83   4                if(keyscan()==7)
  84   4                  break;
  85   4                if(keyscan()==6)
  86   4                  break;
  87   4                if(keyscan()==9)
  88   4                  break;  
  89   4                if(keyscan()==5)
  90   4                  break;  
  91   4                cfg_speed_adjust();
  92   4              }
  93   3              break;
  94   3            default:
  95   3              break;
  96   3          }
  97   2        }
  98   1        while(1);
  99   1      }


MODULE INFORMATION:   STATIC OVERLAYABLE
   CODE SIZE        =    361    ----
   CONSTANT SIZE    =   ----    ----
   XDATA SIZE       =   ----    ----
   PDATA SIZE       =   ----    ----
   DATA SIZE        =      2       1
   IDATA SIZE       =   ----    ----
   BIT SIZE         =   ----    ----
END OF MODULE INFORMATION.


C51 COMPILATION COMPLETE.  0 WARNING(S),  0 ERROR(S)
