C51 COMPILER V9.53.0.0   SCHEDULE                                                          08/25/2016 13:06:51 PAGE 1   


C51 COMPILER V9.53.0.0, COMPILATION OF MODULE SCHEDULE
OBJECT MODULE PLACED IN .\Objects\schedule.obj
COMPILER INVOKED BY: C:\Keil_v5\C51\BIN\C51.EXE USR\schedule.c OPTIMIZE(8,SPEED) BROWSE INCDIR(.\LIB\INC;.\USRLIB\INC;.\
                    -USR;.\USR\INC) DEBUG OBJECTEXTEND PRINT(.\Listings\schedule.lst) TABS(2) OBJECT(.\Objects\schedule.obj)

line level    source

   1          #include <common.h>
   2          
   3          int x_row=0;
   4          int y_row=1;
   5          unsigned int i,j,k;
   6          
   7          unsigned int arrive_center;
   8          unsigned int center_default=3600*20;
   9          
  10          extern int global_speed;
  11          
  12          void all_task_init(){
  13   1        int init_loop=20000;
  14   1        while(init_loop){
  15   2          run_a_step(0,0,1);
  16   2          run_a_step(1,0,1);
  17   2          init_loop--;
  18   2        }
  19   1      }
  20          
  21          /*
  22          param:  xx -> x row dir , when xx = -1 disable x row
  23                  yy -> y row dir , when yy = -1 disable y row
  24                  sp -> speed
  25                  test_loop_core -> real step
  26          */
  27          void simple_test(int xx,int yy,int sp,int test_loop_core){
  28   1      //  schedule_init();
  29   1        //default value
  30   1        if(!test_loop_core)
  31   1          test_loop_core=200;
  32   1        
  33   1        if(xx==-1){
  34   2          for(i=200;i>0;i--){
  35   3            for(k=test_loop_core;k>0;k--)
  36   3              run_a_step(y_row,yy,sp);
  37   3          }
  38   2        }
  39   1        if(yy==-1){
  40   2          for(i=200;i>0;i--){
  41   3            for(j=test_loop_core;j>0;j--)
  42   3              run_a_step(x_row,xx,sp);
  43   3          }
  44   2        }
  45   1      }
  46          
  47          void cfg_speed_adjust(){
  48   1        if(keyscan()==13){
  49   2                  //speed up
  50   2                  if(global_speed>1)
  51   2                    global_speed--;
  52   2                }
  53   1                if(keyscan()==14){
  54   2                  //slow down
C51 COMPILER V9.53.0.0   SCHEDULE                                                          08/25/2016 13:06:51 PAGE 2   

  55   2                  if(global_speed<10)
  56   2                    global_speed++;
  57   2                }
  58   1      }
  59          
  60          
  61          
  62          //void mov_with_cfg_speed_adjust_key_4(){
  63          //  int default_speed=5;
  64          //  unsigned char key_sp_adj,key_sp_adj_1=16;
  65          //  key_sp_adj=keyscan();
  66          //  if(keyscan()!=4){
  67          //    key_sp_adj=keyscan();
  68          //  }
  69          //    
  70          //  while(1){
  71          //      switch (key_sp_adj){
  72          //        case 8:
  73          //          //row +
  74          //          if(default_speed<10)
  75          //            default_speed++;
  76          //            simple_test(1,-1,default_speed,1);
  77          //        break;
  78          //        case 9:
  79          //          //row -
  80          //          if(default_speed<10)
  81          //              default_speed++;
  82          //            simple_test(1,-1,default_speed,1);
  83          //        break;
  84          //        default:
  85          //        break;
  86          //      }
  87          //  }
  88          //}


MODULE INFORMATION:   STATIC OVERLAYABLE
   CODE SIZE        =    279    ----
   CONSTANT SIZE    =   ----    ----
   XDATA SIZE       =   ----    ----
   PDATA SIZE       =   ----    ----
   DATA SIZE        =     14      10
   IDATA SIZE       =   ----    ----
   BIT SIZE         =   ----    ----
END OF MODULE INFORMATION.


C51 COMPILATION COMPLETE.  0 WARNING(S),  0 ERROR(S)
